<?xml version="1.0" encoding="UTF-8"?>
<testng-results skipped="0" failed="2" total="18" passed="16">
  <reporter-output>
    <line>
      <![CDATA[*  CustomeR change password button is not displayed-----Expected condition failed: waiting for element to be clickable: By.xpath: .(//*[@id="content"]/div/div[2]/a/text())[2] (tried for 60 second(s) with 500 MILLISECONDS interval)
Build info: version: '3.0.1', revision: '1969d75', time: '2016-10-18 09:49:13 -0700'
System info: host: 'HPENVY', ip: '172.16.5.221', os.name: 'Windows 8.1', os.arch: 'amd64', os.version: '6.3', java.version: '1.8.0_171'
Driver info: org.openqa.selenium.chrome.ChromeDriver
Capabilities [{applicationCacheEnabled=false, rotatable=false, mobileEmulationEnabled=false, networkConnectionEnabled=false, chrome={chromedriverVersion=2.36.540470 (e522d04694c7ebea4ba8821272dbef4f9b818c91), userDataDir=C:\Users\Tester\AppData\Local\Temp\scoped_dir3056_31222}, takesHeapSnapshot=true, pageLoadStrategy=normal, databaseEnabled=false, handlesAlerts=true, hasTouchScreen=false, version=98.0.4758.81, platform=WIN8_1, browserConnectionEnabled=false, nativeEvents=true, acceptSslCerts=false, acceptInsecureCerts=false, locationContextEnabled=true, webStorageEnabled=true, browserName=chrome, takesScreenshot=true, javascriptEnabled=true, cssSelectorsEnabled=true, setWindowRect=true, unexpectedAlertBehaviour=}]
Session ID: 4ecdf9917c5588c5fdc974b01e58ce7c]]>
    </line>
  </reporter-output>
  <suite name="Suite" duration-ms="719844" started-at="2022-02-09T12:13:35Z" finished-at="2022-02-09T12:25:35Z">
    <groups>
    </groups>
    <test name="Test" duration-ms="719844" started-at="2022-02-09T12:13:35Z" finished-at="2022-02-09T12:25:35Z">
      <class name="Customer_Portal.Portal_Test">
        <test-method status="PASS" signature="Login(java.lang.String, java.lang.String, java.lang.String)[pri:0, instance:Customer_Portal.Portal_Test@5b275dab]" name="Login" is-config="true" duration-ms="25767" started-at="2022-02-09T17:43:35Z" finished-at="2022-02-09T17:44:01Z">
          <params>
            <param index="0">
              <value>
                <![CDATA[utbr8billing1481@yopmail.com]]>
              </value>
            </param>
            <param index="1">
              <value>
                <![CDATA[C123456789@c]]>
              </value>
            </param>
            <param index="2">
              <value>
                <![CDATA[https://utbr8.utilibill.com.au/billing/]]>
              </value>
            </param>
          </params>
          <reporter-output>
          </reporter-output>
        </test-method> <!-- Login -->
        <test-method status="PASS" signature="Create_Customer()[pri:0, instance:Customer_Portal.Portal_Test@5b275dab]" name="Create_Customer" duration-ms="34298" started-at="2022-02-09T17:44:01Z" finished-at="2022-02-09T17:44:35Z">
          <reporter-output>
          </reporter-output>
        </test-method> <!-- Create_Customer -->
        <test-method status="PASS" signature="Add_Services()[pri:0, instance:Customer_Portal.Portal_Test@5b275dab]" name="Add_Services" duration-ms="20867" started-at="2022-02-09T17:44:35Z" finished-at="2022-02-09T17:44:56Z">
          <reporter-output>
          </reporter-output>
        </test-method> <!-- Add_Services -->
        <test-method status="PASS" signature="Add_Reads()[pri:0, instance:Customer_Portal.Portal_Test@5b275dab]" name="Add_Reads" duration-ms="118597" started-at="2022-02-09T17:44:56Z" finished-at="2022-02-09T17:46:55Z">
          <reporter-output>
          </reporter-output>
        </test-method> <!-- Add_Reads -->
        <test-method status="PASS" signature="Bill_Run_Cycle()[pri:0, instance:Customer_Portal.Portal_Test@5b275dab]" name="Bill_Run_Cycle" duration-ms="16136" started-at="2022-02-09T17:46:55Z" finished-at="2022-02-09T17:47:11Z">
          <reporter-output>
          </reporter-output>
        </test-method> <!-- Bill_Run_Cycle -->
        <test-method status="PASS" signature="Bill_Run()[pri:0, instance:Customer_Portal.Portal_Test@5b275dab]" name="Bill_Run" duration-ms="83636" started-at="2022-02-09T17:47:11Z" finished-at="2022-02-09T17:48:35Z">
          <reporter-output>
          </reporter-output>
        </test-method> <!-- Bill_Run -->
        <test-method status="PASS" signature="enablE_Customer_Portal_Services()[pri:0, instance:Customer_Portal.Portal_Test@5b275dab]" name="enablE_Customer_Portal_Services" duration-ms="65629" started-at="2022-02-09T17:48:35Z" finished-at="2022-02-09T17:49:40Z">
          <reporter-output>
          </reporter-output>
        </test-method> <!-- enablE_Customer_Portal_Services -->
        <test-method status="PASS" signature="Login_Customer_Portal()[pri:0, instance:Customer_Portal.Portal_Test@5b275dab]" name="Login_Customer_Portal" duration-ms="26115" started-at="2022-02-09T17:49:40Z" finished-at="2022-02-09T17:50:06Z">
          <reporter-output>
          </reporter-output>
        </test-method> <!-- Login_Customer_Portal -->
        <test-method status="FAIL" signature="Customer_Services()[pri:0, instance:Customer_Portal.Portal_Test@5b275dab]" name="Customer_Services" duration-ms="19708" started-at="2022-02-09T17:50:06Z" finished-at="2022-02-09T17:50:26Z">
          <exception class="org.openqa.selenium.InvalidSelectorException">
            <message>
              <![CDATA[invalid selector: Unable to locate an element with the xpath expression .//*[text()='Success! This meter number is now disconnected. because of the following error:
SyntaxError: Failed to execute 'evaluate' on 'Document': The string './/*[text()='Success! This meter number is now disconnected.' is not a valid XPath expression.
  (Session info: chrome=98.0.4758.81)
  (Driver info: chromedriver=2.36.540470 (e522d04694c7ebea4ba8821272dbef4f9b818c91),platform=Windows NT 6.3.9600 x86_64) (WARNING: The server did not provide any stacktrace information)
Command duration or timeout: 53 milliseconds
For documentation on this error, please visit: http://seleniumhq.org/exceptions/invalid_selector_exception.html
Build info: version: '3.0.1', revision: '1969d75', time: '2016-10-18 09:49:13 -0700'
System info: host: 'HPENVY', ip: '172.16.5.221', os.name: 'Windows 8.1', os.arch: 'amd64', os.version: '6.3', java.version: '1.8.0_171'
Driver info: org.openqa.selenium.chrome.ChromeDriver
Capabilities [{applicationCacheEnabled=false, rotatable=false, mobileEmulationEnabled=false, networkConnectionEnabled=false, chrome={chromedriverVersion=2.36.540470 (e522d04694c7ebea4ba8821272dbef4f9b818c91), userDataDir=C:\Users\Tester\AppData\Local\Temp\scoped_dir3056_31222}, takesHeapSnapshot=true, pageLoadStrategy=normal, databaseEnabled=false, handlesAlerts=true, hasTouchScreen=false, version=98.0.4758.81, platform=WIN8_1, browserConnectionEnabled=false, nativeEvents=true, acceptSslCerts=false, acceptInsecureCerts=false, locationContextEnabled=true, webStorageEnabled=true, browserName=chrome, takesScreenshot=true, javascriptEnabled=true, cssSelectorsEnabled=true, setWindowRect=true, unexpectedAlertBehaviour=}]
Session ID: 4ecdf9917c5588c5fdc974b01e58ce7c
*** Element info: {Using=xpath, value=.//*[text()='Success! This meter number is now disconnected.}]]>
            </message>
            <full-stacktrace>
              <![CDATA[org.openqa.selenium.InvalidSelectorException: invalid selector: Unable to locate an element with the xpath expression .//*[text()='Success! This meter number is now disconnected. because of the following error:
SyntaxError: Failed to execute 'evaluate' on 'Document': The string './/*[text()='Success! This meter number is now disconnected.' is not a valid XPath expression.
  (Session info: chrome=98.0.4758.81)
  (Driver info: chromedriver=2.36.540470 (e522d04694c7ebea4ba8821272dbef4f9b818c91),platform=Windows NT 6.3.9600 x86_64) (WARNING: The server did not provide any stacktrace information)
Command duration or timeout: 53 milliseconds
For documentation on this error, please visit: http://seleniumhq.org/exceptions/invalid_selector_exception.html
Build info: version: '3.0.1', revision: '1969d75', time: '2016-10-18 09:49:13 -0700'
System info: host: 'HPENVY', ip: '172.16.5.221', os.name: 'Windows 8.1', os.arch: 'amd64', os.version: '6.3', java.version: '1.8.0_171'
Driver info: org.openqa.selenium.chrome.ChromeDriver
Capabilities [{applicationCacheEnabled=false, rotatable=false, mobileEmulationEnabled=false, networkConnectionEnabled=false, chrome={chromedriverVersion=2.36.540470 (e522d04694c7ebea4ba8821272dbef4f9b818c91), userDataDir=C:\Users\Tester\AppData\Local\Temp\scoped_dir3056_31222}, takesHeapSnapshot=true, pageLoadStrategy=normal, databaseEnabled=false, handlesAlerts=true, hasTouchScreen=false, version=98.0.4758.81, platform=WIN8_1, browserConnectionEnabled=false, nativeEvents=true, acceptSslCerts=false, acceptInsecureCerts=false, locationContextEnabled=true, webStorageEnabled=true, browserName=chrome, takesScreenshot=true, javascriptEnabled=true, cssSelectorsEnabled=true, setWindowRect=true, unexpectedAlertBehaviour=}]
Session ID: 4ecdf9917c5588c5fdc974b01e58ce7c
*** Element info: {Using=xpath, value=.//*[text()='Success! This meter number is now disconnected.}
	at sun.reflect.NativeConstructorAccessorImpl.newInstance0(Native Method)
	at sun.reflect.NativeConstructorAccessorImpl.newInstance(Unknown Source)
	at sun.reflect.DelegatingConstructorAccessorImpl.newInstance(Unknown Source)
	at java.lang.reflect.Constructor.newInstance(Unknown Source)
	at org.openqa.selenium.remote.ErrorHandler.createThrowable(ErrorHandler.java:216)
	at org.openqa.selenium.remote.ErrorHandler.throwIfResponseFailed(ErrorHandler.java:168)
	at org.openqa.selenium.remote.RemoteWebDriver.execute(RemoteWebDriver.java:635)
	at org.openqa.selenium.remote.RemoteWebDriver.findElement(RemoteWebDriver.java:368)
	at org.openqa.selenium.remote.RemoteWebDriver.findElementByXPath(RemoteWebDriver.java:473)
	at org.openqa.selenium.By$ByXPath.findElement(By.java:361)
	at org.openqa.selenium.remote.RemoteWebDriver.findElement(RemoteWebDriver.java:360)
	at Customer_Portal.Portal_Test.Customer_Services(Portal_Test.java:499)
	at sun.reflect.NativeMethodAccessorImpl.invoke0(Native Method)
	at sun.reflect.NativeMethodAccessorImpl.invoke(Unknown Source)
	at sun.reflect.DelegatingMethodAccessorImpl.invoke(Unknown Source)
	at java.lang.reflect.Method.invoke(Unknown Source)
	at org.testng.internal.MethodInvocationHelper.invokeMethod(MethodInvocationHelper.java:80)
	at org.testng.internal.Invoker.invokeMethod(Invoker.java:714)
	at org.testng.internal.Invoker.invokeTestMethod(Invoker.java:901)
	at org.testng.internal.Invoker.invokeTestMethods(Invoker.java:1231)
	at org.testng.internal.TestMethodWorker.invokeTestMethods(TestMethodWorker.java:127)
	at org.testng.internal.TestMethodWorker.run(TestMethodWorker.java:111)
	at org.testng.TestRunner.privateRun(TestRunner.java:767)
	at org.testng.TestRunner.run(TestRunner.java:617)
	at org.testng.SuiteRunner.runTest(SuiteRunner.java:334)
	at org.testng.SuiteRunner.runSequentially(SuiteRunner.java:329)
	at org.testng.SuiteRunner.privateRun(SuiteRunner.java:291)
	at org.testng.SuiteRunner.run(SuiteRunner.java:240)
	at org.testng.SuiteRunnerWorker.runSuite(SuiteRunnerWorker.java:52)
	at org.testng.SuiteRunnerWorker.run(SuiteRunnerWorker.java:86)
	at org.testng.TestNG.runSuitesSequentially(TestNG.java:1198)
	at org.testng.TestNG.runSuitesLocally(TestNG.java:1123)
	at org.testng.TestNG.run(TestNG.java:1031)
	at org.testng.remote.AbstractRemoteTestNG.run(AbstractRemoteTestNG.java:114)
	at org.testng.remote.RemoteTestNG.initAndRun(RemoteTestNG.java:251)
	at org.testng.remote.RemoteTestNG.main(RemoteTestNG.java:77)
]]>
            </full-stacktrace>
          </exception> <!-- org.openqa.selenium.InvalidSelectorException -->
          <reporter-output>
          </reporter-output>
        </test-method> <!-- Customer_Services -->
        <test-method status="PASS" signature="Customer_Charges()[pri:0, instance:Customer_Portal.Portal_Test@5b275dab]" name="Customer_Charges" duration-ms="8367" started-at="2022-02-09T17:50:26Z" finished-at="2022-02-09T17:50:34Z">
          <reporter-output>
          </reporter-output>
        </test-method> <!-- Customer_Charges -->
        <test-method status="PASS" signature="Customer_Statements()[pri:0, instance:Customer_Portal.Portal_Test@5b275dab]" name="Customer_Statements" duration-ms="16256" started-at="2022-02-09T17:50:34Z" finished-at="2022-02-09T17:50:51Z">
          <reporter-output>
          </reporter-output>
        </test-method> <!-- Customer_Statements -->
        <test-method status="PASS" signature="Customer_Transactions()[pri:0, instance:Customer_Portal.Portal_Test@5b275dab]" name="Customer_Transactions" duration-ms="1722" started-at="2022-02-09T17:50:51Z" finished-at="2022-02-09T17:50:52Z">
          <reporter-output>
          </reporter-output>
        </test-method> <!-- Customer_Transactions -->
        <test-method status="PASS" signature="Customer_Usage_Profile()[pri:0, instance:Customer_Portal.Portal_Test@5b275dab]" name="Customer_Usage_Profile" duration-ms="17334" started-at="2022-02-09T17:50:52Z" finished-at="2022-02-09T17:51:10Z">
          <reporter-output>
          </reporter-output>
        </test-method> <!-- Customer_Usage_Profile -->
        <test-method status="FAIL" signature="Customer_Account_Details()[pri:0, instance:Customer_Portal.Portal_Test@5b275dab]" name="Customer_Account_Details" duration-ms="68698" started-at="2022-02-09T17:51:10Z" finished-at="2022-02-09T17:52:18Z">
          <exception class="java.lang.NullPointerException">
            <full-stacktrace>
              <![CDATA[java.lang.NullPointerException
	at Customer_Portal.Portal_Test.Customer_Account_Details(Portal_Test.java:660)
	at sun.reflect.NativeMethodAccessorImpl.invoke0(Native Method)
	at sun.reflect.NativeMethodAccessorImpl.invoke(Unknown Source)
	at sun.reflect.DelegatingMethodAccessorImpl.invoke(Unknown Source)
	at java.lang.reflect.Method.invoke(Unknown Source)
	at org.testng.internal.MethodInvocationHelper.invokeMethod(MethodInvocationHelper.java:80)
	at org.testng.internal.Invoker.invokeMethod(Invoker.java:714)
	at org.testng.internal.Invoker.invokeTestMethod(Invoker.java:901)
	at org.testng.internal.Invoker.invokeTestMethods(Invoker.java:1231)
	at org.testng.internal.TestMethodWorker.invokeTestMethods(TestMethodWorker.java:127)
	at org.testng.internal.TestMethodWorker.run(TestMethodWorker.java:111)
	at org.testng.TestRunner.privateRun(TestRunner.java:767)
	at org.testng.TestRunner.run(TestRunner.java:617)
	at org.testng.SuiteRunner.runTest(SuiteRunner.java:334)
	at org.testng.SuiteRunner.runSequentially(SuiteRunner.java:329)
	at org.testng.SuiteRunner.privateRun(SuiteRunner.java:291)
	at org.testng.SuiteRunner.run(SuiteRunner.java:240)
	at org.testng.SuiteRunnerWorker.runSuite(SuiteRunnerWorker.java:52)
	at org.testng.SuiteRunnerWorker.run(SuiteRunnerWorker.java:86)
	at org.testng.TestNG.runSuitesSequentially(TestNG.java:1198)
	at org.testng.TestNG.runSuitesLocally(TestNG.java:1123)
	at org.testng.TestNG.run(TestNG.java:1031)
	at org.testng.remote.AbstractRemoteTestNG.run(AbstractRemoteTestNG.java:114)
	at org.testng.remote.RemoteTestNG.initAndRun(RemoteTestNG.java:251)
	at org.testng.remote.RemoteTestNG.main(RemoteTestNG.java:77)
]]>
            </full-stacktrace>
          </exception> <!-- java.lang.NullPointerException -->
          <reporter-output>
            <line>
              <![CDATA[*  CustomeR change password button is not displayed-----Expected condition failed: waiting for element to be clickable: By.xpath: .(//*[@id="content"]/div/div[2]/a/text())[2] (tried for 60 second(s) with 500 MILLISECONDS interval)
Build info: version: '3.0.1', revision: '1969d75', time: '2016-10-18 09:49:13 -0700'
System info: host: 'HPENVY', ip: '172.16.5.221', os.name: 'Windows 8.1', os.arch: 'amd64', os.version: '6.3', java.version: '1.8.0_171'
Driver info: org.openqa.selenium.chrome.ChromeDriver
Capabilities [{applicationCacheEnabled=false, rotatable=false, mobileEmulationEnabled=false, networkConnectionEnabled=false, chrome={chromedriverVersion=2.36.540470 (e522d04694c7ebea4ba8821272dbef4f9b818c91), userDataDir=C:\Users\Tester\AppData\Local\Temp\scoped_dir3056_31222}, takesHeapSnapshot=true, pageLoadStrategy=normal, databaseEnabled=false, handlesAlerts=true, hasTouchScreen=false, version=98.0.4758.81, platform=WIN8_1, browserConnectionEnabled=false, nativeEvents=true, acceptSslCerts=false, acceptInsecureCerts=false, locationContextEnabled=true, webStorageEnabled=true, browserName=chrome, takesScreenshot=true, javascriptEnabled=true, cssSelectorsEnabled=true, setWindowRect=true, unexpectedAlertBehaviour=}]
Session ID: 4ecdf9917c5588c5fdc974b01e58ce7c]]>
            </line>
          </reporter-output>
        </test-method> <!-- Customer_Account_Details -->
        <test-method status="PASS" signature="Customer_Service_Settings()[pri:0, instance:Customer_Portal.Portal_Test@5b275dab]" name="Customer_Service_Settings" duration-ms="9450" started-at="2022-02-09T17:52:18Z" finished-at="2022-02-09T17:52:28Z">
          <reporter-output>
          </reporter-output>
        </test-method> <!-- Customer_Service_Settings -->
        <test-method status="PASS" signature="Help_And_FAQ()[pri:0, instance:Customer_Portal.Portal_Test@5b275dab]" name="Help_And_FAQ" duration-ms="18258" started-at="2022-02-09T17:52:28Z" finished-at="2022-02-09T17:52:46Z">
          <reporter-output>
          </reporter-output>
        </test-method> <!-- Help_And_FAQ -->
        <test-method status="PASS" signature="Contact_US()[pri:0, instance:Customer_Portal.Portal_Test@5b275dab]" name="Contact_US" duration-ms="19844" started-at="2022-02-09T17:52:46Z" finished-at="2022-02-09T17:53:06Z">
          <reporter-output>
          </reporter-output>
        </test-method> <!-- Contact_US -->
        <test-method status="PASS" signature="DisablE_Customer_Portal_Services()[pri:0, instance:Customer_Portal.Portal_Test@5b275dab]" name="DisablE_Customer_Portal_Services" duration-ms="99396" started-at="2022-02-09T17:53:06Z" finished-at="2022-02-09T17:54:45Z">
          <reporter-output>
          </reporter-output>
        </test-method> <!-- DisablE_Customer_Portal_Services -->
        <test-method status="PASS" signature="Customer_Portal_Menu()[pri:0, instance:Customer_Portal.Portal_Test@5b275dab]" name="Customer_Portal_Menu" duration-ms="20265" started-at="2022-02-09T17:54:45Z" finished-at="2022-02-09T17:55:06Z">
          <reporter-output>
          </reporter-output>
        </test-method> <!-- Customer_Portal_Menu -->
        <test-method status="PASS" signature="Logout()[pri:0, instance:Customer_Portal.Portal_Test@5b275dab]" name="Logout" is-config="true" duration-ms="4257" started-at="2022-02-09T17:55:06Z" finished-at="2022-02-09T17:55:10Z">
          <reporter-output>
          </reporter-output>
        </test-method> <!-- Logout -->
        <test-method status="PASS" signature="logout()[pri:0, instance:Customer_Portal.Portal_Test@5b275dab]" name="logout" is-config="true" duration-ms="25116" started-at="2022-02-09T17:55:10Z" finished-at="2022-02-09T17:55:35Z">
          <reporter-output>
          </reporter-output>
        </test-method> <!-- logout -->
      </class> <!-- Customer_Portal.Portal_Test -->
    </test> <!-- Test -->
  </suite> <!-- Suite -->
</testng-results>
